<?xml version="1.0" encoding="UTF-8"?>
<testsuite name="com.spring.application.service.TaskServiceTest" tests="12" skipped="0" failures="0" errors="0" timestamp="2024-10-02T15:30:17" hostname="Bhanus-MacBook-Air.local" time="0.609">
  <properties/>
  <testcase name="testCreateTaskSuccess()" classname="com.spring.application.service.TaskServiceTest" time="0.575"/>
  <testcase name="testGetAllTasks()" classname="com.spring.application.service.TaskServiceTest" time="0.005"/>
  <testcase name="testUpdateTask()" classname="com.spring.application.service.TaskServiceTest" time="0.003"/>
  <testcase name="testGetAllTasksNoTasksFound()" classname="com.spring.application.service.TaskServiceTest" time="0.003"/>
  <testcase name="testGetTaskByIdNotFound()" classname="com.spring.application.service.TaskServiceTest" time="0.002"/>
  <testcase name="testGetTaskById()" classname="com.spring.application.service.TaskServiceTest" time="0.003"/>
  <testcase name="testDeleteTask()" classname="com.spring.application.service.TaskServiceTest" time="0.002"/>
  <testcase name="testGetTaskByUserIdNoTasksFound()" classname="com.spring.application.service.TaskServiceTest" time="0.002"/>
  <testcase name="testCreateTaskUserNotFound()" classname="com.spring.application.service.TaskServiceTest" time="0.002"/>
  <testcase name="testDeleteTaskNotFound()" classname="com.spring.application.service.TaskServiceTest" time="0.001"/>
  <testcase name="testGetTaskByUserId()" classname="com.spring.application.service.TaskServiceTest" time="0.002"/>
  <testcase name="testUpdateTaskNotFound()" classname="com.spring.application.service.TaskServiceTest" time="0.002"/>
  <system-out><![CDATA[]]></system-out>
  <system-err><![CDATA[WARNING: A Java agent has been loaded dynamically (/Users/bhanu/.gradle/caches/modules-2/files-2.1/net.bytebuddy/byte-buddy-agent/1.14.19/154da3a65b4f4a909d3e5bdec55d1b2b4cbb6ce1/byte-buddy-agent-1.14.19.jar)
WARNING: If a serviceability tool is in use, please run with -XX:+EnableDynamicAgentLoading to hide this warning
WARNING: If a serviceability tool is not in use, please run with -Djdk.instrument.traceUsage for more information
WARNING: Dynamic loading of agents will be disallowed by default in a future release
]]></system-err>
</testsuite>
